START!!!!
Bucket: testcomprehend-tn
Prefix: comprehend/
Limit: 20
File: content.txt
Object Name: comprehend/input/content.txt
InputS3URI: s3://testcomprehend-tn/comprehend/input/content.txt
OutputS3URI: s3://testcomprehend-tn/comprehend/output/
Job ID: 992e370ee66deab7d3095c3e8b7fe5a7
In Progress...
In Progress...
In Progress...
In Progress...
In Progress...
In Progress...
In Progress...
In Progress...
In Progress...
In Progress...
In Progress...
In Progress...
In Progress...
In Progress...
In Progress...
In Progress...
In Progress...
In Progress...
In Progress...
In Progress...
In Progress...
In Progress...
In Progress...
In Progress...
In Progress...
In Progress...
In Progress...
In Progress...
In Progress...
In Progress...
In Progress...
In Progress...
In Progress...
In Progress...
In Progress...
In Progress...
In Progress...
In Progress...
In Progress...
In Progress...
In Progress...
In Progress...
In Progress...
In Progress...
In Progress...
In Progress...
In Progress...
In Progress...
Job Completed.
Output S3 URI: s3://testcomprehend-tn/comprehend/output/283789062351-NER-992e370ee66deab7d3095c3e8b7fe5a7/output/output.tar.gz
Download Object Name: comprehend/output/283789062351-NER-992e370ee66deab7d3095c3e8b7fe5a7/output/output.tar.gz

File: content.txt
2020年12月 (DATE): 0.999014
3時間 (QUANTITY): 0.997277
Linux Academy (ORGANIZATION): 0.995822
3年 (QUANTITY): 0.995796
180分 (QUANTITY): 0.995555
2回 (QUANTITY): 0.995218
33,000円 (QUANTITY): 0.993613
https://qiita.com/takanattie/items/7dd188ce14a2a5b9ef14 (OTHER): 0.990118
1度 (QUANTITY): 0.988592
3ヶ月半 (QUANTITY): 0.988081
AWS (ORGANIZATION): 0.987514
AWS (ORGANIZATION): 0.980833
U.S. (ORGANIZATION): 0.976798
AWS (ORGANIZATION): 0.976790
AWS (ORGANIZATION): 0.975587
3年間 (QUANTITY): 0.975035
2周 (QUANTITY): 0.972928
Linux Academy (ORGANIZATION): 0.966450
AWS (ORGANIZATION): 0.966190
Qiita Advent Calendar 2020 (TITLE): 0.962282


END!!!!
